Unity Player [version: Unity 5.4.1f1_649f48bbbf0f]

run.exe caused an Access Violation (0xc0000005)
  in module run.exe at 0023:0191a1b6.

Error occurred at 2016-10-23_123322.
C:\Users\ildan\Documents\game-collection\run.exe, run by ildan.
74% memory in use.
3979 MB physical memory [1001 MB free].
0 MB paging file [3632 MB free].
0 MB user address space [3737 MB free].
Read from location 000005d4 caused an access violation.

Context:
EDI:    0x00000000  ESI: 0x04c27070  EAX:   0x00d3e6d0
EBX:    0x001174df  ECX: 0x00000000  EDX:   0x00000002
EIP:    0x0191a1b6  EBP: 0x00d3e6bc  SegCs: 0x00000023
EFlags: 0x00210287  ESP: 0x00d3e6b8  SegSs: 0x0000002b

Bytes at CS:EIP:
83 bf d4 05 00 00 00 75 07 32 c0 5f 5d c2 04 00 

Stack:
0x00d3e6b8: 02151f95 00d3e6ec 019029a9 00d3e6d0 .........)......
0x00d3e6c8: 00000003 04c27070 666e6f63 01006769 ....pp..config..
0x00d3e6d8: 3a101744 00000000 00000006 0000000f D..:............
0x00d3e6e8: 00d3e700 00d3e6f4 01901d37 00d3e70c ........7.......
0x00d3e6f8: 01901e26 00000002 01903b70 00000000 &.......p;......
0x00d3e708: 022d85f0 00d3e728 01903bcf 00000003 ..-.(....;......
0x00d3e718: 145a2db0 145a2db0 001174df 00000000 .-Z..-Z..t......
0x00d3e728: 00d3e75c 01900db5 04c27070 00000003 \.......pp......
0x00d3e738: 145a2db0 145a2db0 001174df 00000000 .-Z..-Z..t......
0x00d3e748: 00000003 04c27018 00000000 022d85f0 .....p........-.
0x00d3e758: 00000000 00d3e7c4 01901984 00000003 ................
0x00d3e768: 145a2db0 145a2db0 001174df 00000000 .-Z..-Z..t......
0x00d3e778: 022d88f4 00000000 022d88f4 00000000 ..-.......-.....
0x00d3e788: 03f70808 00000001 045b7fc0 045c1e30 ..........[.0.\.
0x00d3e798: 00d3e7a8 01f45ff7 045b7fc0 045f9030 ....._....[.0._.
0x00d3e7a8: 00d3e7cc 01778883 04b28cc8 00d3e7c8 ......w.........
0x00d3e7b8: 00000000 f0e322dc 00000000 00d3e7d0 ....."..........
0x00d3e7c8: 019019a7 00000003 00d3e7ec 0133f161 ............a.3.
0x00d3e7d8: 04c27018 00000000 00000000 045b7fc0 .p............[.
0x00d3e7e8: 00000000 00d3e80c 01529ccf 00000000 ..........R.....
0x00d3e7f8: 00000006 00000000 fffffffe 00d3e83c ............<...
0x00d3e808: 000f0c14 00d3e83c 015c11d4 00000000 ....<.....\.....
0x00d3e818: 00000001 015c0fd0 00000001 00000000 ......\.........
0x00d3e828: 00000000 0000001c 00000001 00002a4c ............L*..
0x00d3e838: 00000000 00d3e868 76ac84f3 000f0c14 ....h......v....
0x00d3e848: 00000006 00000001 00000000 00000001 ................
0x00d3e858: dcbaabcd 00000000 015c0fd0 00000001 ..........\.....
0x00d3e868: 00d3e910 76aa6c40 015c0fd0 000f0c14 ....@l.v..\.....
0x00d3e878: 00000006 00000001 00000000 e61d9baf ................
0x00d3e888: 00000000 00000000 00000006 00000024 ............$...
0x00d3e898: 00000001 00000000 00000000 00000030 ............0...
0x00d3e8a8: ffffffff ffffffff 76aa6b18 00000000 .........k.v....
0x00d3e8b8: 00000000 00000000 00000000 015c0fd0 ..............\.
0x00d3e8c8: 00000000 00000000 00000000 027409f8 ..............t.
0x00d3e8d8: 00000000 00000000 00000001 00000000 ................
0x00d3e8e8: 00000000 000f0c14 00000000 e61d9baf ................
0x00d3e8f8: 76aa6820 00d3e0e8 00d3e960 76ace5f0  h.v....`......v
0x00d3e908: 907c59d7 00000000 00d3e970 76aa6820 .Y|.....p... h.v
0x00d3e918: 015c0fd0 00000000 00000006 00000001 ..\.............
0x00d3e928: 00000000 00a1a000 00000001 e61d9bcf ................
0x00d3e938: 00007fff 76fdad70 00000000 00d3e9a8 ....p..v........
0x00d3e948: 76ace5f0 00000000 000f0c14 00000000 ...v............
0x00d3e958: 00d3e934 00d3e0e8 00d3e9c0 76ace5f0 4..............v
0x00d3e968: 907c59f7 fffffffe 00d3e9b0 76aad169 .Y|.........i..v
0x00d3e978: 02916d40 00000000 00000006 00000001 @m..............
0x00d3e988: 00000000 015c0fd0 00d3eacc 00000001 ......\.........
0x00d3e998: 00000000 00000000 00d3e9b4 00000000 ................
0x00d3e9a8: 00000000 e61d9b0f 00d3ea1c 76fc8e56 ............V..v
0x00d3e9b8: 00d3e9cc 00000020 00d3ea98 76fc8da0 .... ..........v
0x00d3e9c8: 00d3e9f0 02916d40 00000000 00000006 ....@m..........
0x00d3e9d8: 00000001 00000000 015c0fd0 76fdad70 ..........\.p..v
0x00d3e9e8: 00000000 76ac891c 76aacdce 00d3eacc .......v...v....
0x00d3e9f8: 00170c8e 00000400 00007fff 00000003 ................
0x00d3ea08: 00d3edf8 00a1a000 00d3edf8 00d3eacc ................
0x00d3ea18: 00170c8e 00d3ea54 76aacd7f 00000400 ....T......v....
0x00d3ea28: 00007fff 00000003 00000000 00d3edf8 ................
0x00d3ea38: 00d3eacc 00d3edf8 00d3ea2c 00d3ea7c ........,...|...
0x00d3ea48: 76ac891c 00a1a000 00d3eb34 00d3eaa8 ...v....4.......
0x00d3ea58: 7566b79d 00d3eacc 00170c8e 00000400 ..fu............
0x00d3ea68: 00007fff 00000003 e5d54b79 00d3edf8 ........yK......
0x00d3ea78: 00000000 00000040 76aacdce 00d3eb5c ....@......v\...
0x00d3ea88: 00d3edf8 00000000 00d3ea70 00000003 ........p.......
0x00d3ea98: 00d3eb68 75703320 907cb451 00000000 h... 3puQ.|.....
0x00d3eaa8: 00d3eae8 7566bc91 00d3eacc 00170c8e ......fu........
0x00d3eab8: 00000400 00007fff 00000003 00d3edf8 ................
0x00d3eac8: 00d3edf8 00d3edf8 00d3edf8 00e2e8d8 ................
0x00d3ead8: 02980ca0 00a1a000 e5853365 00d3eb38 ........e3..8...
0x00d3eae8: 00d3eb14 7566b976 00d3edf8 00000002 ....v.fu........
0x00d3eaf8: fffffffe 76ac892c 76aae226 00005cff ....,..v&..v.\..
0x00d3eb08: 00000034 76aae235 e61d99ab 00d3eb78 4...5..v....x...
0x00d3eb18: 7566ba41 04480040 e5d54aa9 18539867 A.fu@.H..J..g.S.
0x00d3eb28: 00d3edf8 00000002 00000090 00000002 ................
0x00d3eb38: 00000000 00000698 0000069c 00000090 ................
0x00d3eb48: 000003e0 000003e8 00d3edf8 18539867 ............g.S.
0x00d3eb58: 04480040 e5d54aa9 00d3eb20 00d3eb9c @.H..J.. .......
0x00d3eb68: 00d3f2f0 75703320 907cb479 fffffffe .... 3puy.|.....
0x00d3eb78: 00d3eb9c 7566bf0d 00000000 0ab856e8 ......fu.....V..
0x00d3eb88: 00d3edf8 000003e8 18539867 e5d54a5d ........g.S.]J..
0x00d3eb98: 00d3ec54 00d3ec54 75682d51 00d3ebe0 T...T...Q-hu....
0x00d3eba8: 00000002 00d3ebdc 0ab79038 00e2e8d8 ........8.......
0x00d3ebb8: 0ab7b620 00d3eee4 0ab7b620 00000001  ....... .......
0x00d3ebc8: 0aba280c 0ab856e8 00000002 00d3eee4 .(...V..........
0x00d3ebd8: 00d3edf8 ffffffff 00000698 0000069c ................
0x00d3ebe8: 0ab7b654 00000000 00000000 00000000 T...............
0x00d3ebf8: 00000000 00000000 00000000 00000000 ................
0x00d3ec08: 00000000 00000000 00000000 00000000 ................
0x00d3ec18: 00000000 00000000 00000000 00000000 ................
0x00d3ec28: 00000000 00000000 00000000 00000000 ................
0x00d3ec38: 00000000 423ec01e 11d22e35 100004b6 ......>B5.......
0x00d3ec48: fd3e704b e5d54a6d 75689d40 00d3ed68 Kp>.mJ..@.huh...
0x00d3ec58: 7568a157 0aba280c 75689d40 00d3eee4 W.hu.(..@.hu....
0x00d3ec68: 0ab7b620 00000000 00d3eee4 761fc34b  ...........K..v
0x00d3ec78: 00d3eee4 00d3eeac 185396a2 00000000 ..........S.....
0x00d3ec88: 00000000 00000001 0ab88728 00000000 ........(.......
0x00d3ec98: 00000000 00000000 00000000 0ab71b7c ............|...
0x00d3eca8: ffffffff ffffffff 761fc6c2 00000001 ...........v....
0x00d3ecb8: 0ab71b80 00008000 423ec01e 11d22e35 ..........>B5...
0x00d3ecc8: 100004b6 fd3e704b 77059468 00e61e28 ....Kp>.h..w(...
0x00d3ecd8: 75688f70 0ab7b620 75689186 76f8b598 p.hu .....hu...v
0x00d3ece8: 00000000 00000001 0ab87718 0ab71b80 .........w......
0x00d3ecf8: 0ab7b67c 00000004 00f1c4c8 0ab876c0 |............v..
0x00d3ed08: 00008000 00000000 0ab71ae0 00d3ed34 ............4...
0x00d3ed18: 76f7f865 77059468 00001008 00000003 e..vh..w........
0x00d3ed28: 00e61d80 0ab9cfc0 77059468 00d3ed3c ........h..w<...
0x00d3ed38: 76fac98d 00d3ed5c 761feab4 00e61e28 ...v\......v(...
0x00d3ed48: 0ab719b8 0ab8573c 761feb3d 00000000 ....<W..=..v....
0x00d3ed58: e688fa5d 00d3ed80 761ff8a4 e5d54dbd ]..........v.M..
0x00d3ed68: 00d3ee88 75689612 00d3eee4 00d3eeac ......hu........
0x00d3ed78: 00d3eee4 0ab7b620 00d3ef10 761feee7 .... ..........v
0x00d3ed88: 00000000 00d3eeac 00d3eee4 0ab7b620 ............ ...
0x00d3ed98: 00e2e8d8 00000000 761ff850 00e2e8d8 ........P..v....
0x00d3eda8: 75686427 0ab9d058 00000000 00000030 'dhuX.......0...
0x00d3edb8: 0ab7b620 00e2e8d8 75686535 00000000  .......5ehu....
0x00d3edc8: 00000001 00000000 00000000 0000001a ................
0x00d3edd8: 00e2e8d8 00e29560 00000000 0aba280c ....`........(..
0x00d3ede8: 00000000 7568a720 0ab9d050 00000040 .... .huP...@...
0x00d3edf8: 75636b24 01e2e8d8 00000000 00000000 $kcu............
0x00d3ee08: 00000000 00000000 80010115 00000000 ................
0x00d3ee18: 00000000 00000000 00000000 7568efeb ..............hu
0x00d3ee28: 00000000 00000000 00005dff 3dac6451 .........]..Qd.=
0x00d3ee38: 42b26b12 8d92b8a2 938207a4 00000010 .k.B............
0x00d3ee48: 00000000 00000000 185396a2 000001c5 ..........S.....
0x00d3ee58: 00000000 00000001 00000000 0ab75e48 ............H^..
0x00d3ee68: 00000000 00000000 00000000 00000000 ................
0x00d3ee78: 00000000 7620e05f 0ab9d090 e5d54c55 ...._. v....UL..
0x00d3ee88: 00d3eeb4 7562bd5b 00d3eee4 00d3eeac ....[.bu........
0x00d3ee98: 512a4c78 7562bc40 00d3f338 0ab7b620 xL*Q@.bu8... ...
0x00d3eea8: 756892b0 00000000 e5d54f65 00d3eecc ..hu....eO......
0x00d3eeb8: 76209799 0ab8821c 00d3ef10 76209770 .. v........p. v
0x00d3eec8: e688f9cd 00d3f300 761e36fe e688e401 .........6.v....
0x00d3eed8: 75705210 00d3f338 0ab63a6c 0ab7b620 .Rpu8...l:.. ...
0x00d3eee8: 00000010 00000000 00000018 00008003 ................
0x00d3eef8: 00000000 00f1c4c8 00000000 00000000 ................
0x00d3ef08: 00000000 00000000 00d3eee4 0ab9d0a8 ................
0x00d3ef18: 00000000 00000000 0ab9d090 00000054 ............T...
0x00d3ef28: 00000000 00000000 00000001 00000000 ................
0x00d3ef38: 00000000 00000000 00000000 00000000 ................
0x00d3ef48: 00000002 00000000 00000000 00000000 ................
0x00d3ef58: 512a9810 512a97e0 00d3f338 00000000 ..*Q..*Q8.......
0x00d3ef68: 00000000 00000000 512a4c78 00000000 ........xL*Q....
0x00d3ef78: 00000000 00000000 00000140 00000000 ........@.......
0x00d3ef88: 00000000 00000000 00000000 0ab84040 ............@@..
0x00d3ef98: 00000000 00000000 00000000 00000000 ................
0x00d3efa8: 00000000 00000003 00d3de70 00000000 ........p.......
0x00d3efb8: 00d3f0d8 00d3f338 00000000 00000000 ....8...........
0x00d3efc8: 00000000 00000000 00000000 00d3f030 ............0...
0x00d3efd8: 00000000 00000000 00000000 00000000 ................
0x00d3efe8: 00000000 00000000 00000000 00000000 ................
0x00d3eff8: 75646f38 00000000 00000000 00000000 8odu............
0x00d3f008: 00000000 00000000 00000000 00000001 ................
0x00d3f018: 00e33784 00000000 0ab8821c 00000003 .7..............
0x00d3f028: 00000000 00000000 8a885d04 0000006c .........]..l...
0x00d3f038: 512a353a 512a3530 00000007 512a3548 :5*Q05*Q....H5*Q
0x00d3f048: 00d3f338 00000233 00000000 512a353a 8...3.......:5*Q
0x00d3f058: 512a4cea 00000022 00000000 00000000 .L*Q"...........
0x00d3f068: 00000000 00000001 00000020 00000000 ........ .......
0x00d3f078: 00000000 00000000 00000000 762179c0 .............y!v
0x00d3f088: 00000000 00000000 00000000 00000000 ................
0x00d3f098: 762097b0 76209770 00000000 00000000 .. vp. v........
0x00d3f0a8: 00000000 00000000 00000000 00000000 ................
0x00d3f0b8: 00000000 00000000 00000000 00d3f268 ............h...
0x00d3f0c8: 00d3f0c8 00d3f0c8 00000068 00000000 ........h.......
0x00d3f0d8: 00d3f0d8 00d3f0d8 00000017 00000000 ................
0x00d3f0e8: 00000000 00d3f100 00d3f0f0 00d3f0f0 ................
0x00d3f0f8: 000001f8 00000000 0aba3a4c 0ab88530 ........L:..0...
0x00d3f108: 00d3f15c 0ab79038 7568efeb 7570de80 \...8.....hu..pu
0x00d3f118: 0ab4d5d0 0ab878e8 0ab88450 00000064 .....x..P...d...
0x00d3f128: 00d3f15c 76f8b598 00e20000 0ab88450 \......v....P...
0x00d3f138: 0ab88458 76214491 e688e645 00d3f180 X....D!vE.......
0x00d3f148: 00000000 0ab878e8 002b002a 0ab4d5d0 .....x..*.+.....
0x00d3f158: 00000028 00d3f184 76f8b4a9 0ab88458 (..........vX...
0x00d3f168: 00000000 7567c0f0 00d3f258 00d3f1a4 ......guX.......
0x00d3f178: 00000005 e5d5508d 00000000 00d3f1d4 .....P..........
0x00d3f188: 00000001 00d3f1d4 75678850 757a8010 ........P.gu..zu
0x00d3f198: 0aba3a4c 00000000 75678884 0ab88490 L:........gu....
0x00d3f1a8: 00d3f254 00000000 00000000 0aba3a4c T...........L:..
0x00d3f1b8: 00d3f1d8 756799cb 757a8010 0aba3a4c ......gu..zuL:..
0x00d3f1c8: 00000000 0aba3a4c 00000000 00ba3a4c ....L:......L:..
0x00d3f1d8: 00d3f1f0 757025d2 00000000 0aba3a4c .....%pu....L:..
0x00d3f1e8: 00d3f200 00000001 00d3f23c 76fc884c ........<...L..v
0x00d3f1f8: 7619adf0 0ab90210 00000010 0ab90210 ...v............
0x00d3f208: 00000000 00d3f26c 7619abdf 0ab90278 ....l......vx...
0x00d3f218: 00000010 00d3f304 7619abef 00000000 ...........v....
0x00d3f228: 00d3f314 0ab90268 00000029 00000000 ....h...).......
0x00d3f238: 00000001 00d3f28c 0ab90278 7570278b ........x....'pu
0x00d3f248: 00d3f270 00d3f298 0ab88534 00000000 p.......4.......
0x00d3f258: 0aba3a48 7570272f 1c1c45ee e6b2166c H:../'pu.E..l...
0x00d3f268: 10000bb6 00d3f29c 7619aaae 00000010 ...........v....
0x00d3f278: 00000001 7568e9dc 0ab639d4 7570df80 ......hu.9....pu
0x00d3f288: 7568ef6d 0aba3a48 00000000 907c7971 m.huH:......qy|.
0x00d3f298: 00000001 0ab639d8 00000002 e5d55379 .....9......yS..
0x00d3f2a8: 00d3f2bc 7562907f 0aba3aec 7562908a ......bu.:....bu
0x00d3f2b8: e5d5536d 00d3f2d0 762144c6 0ab88534 mS.......D!v4...
0x00d3f2c8: 762144d1 e688e5d1 00d3f32c 5111fec7 .D!v....,......Q
0x00d3f2d8: 0ab88534 c22263e6 00d3f420 e688e401 4....c". .......
0x00d3f2e8: 00d3eed4 00d3f300 00d3f38c 76218de0 ..............!v
0x00d3f2f8: 907c7971 00000001 00d3f320 7562c904 qy|..... .....bu
0x00d3f308: 512a4c78 512a3530 00d3f338 00d3f424 xL*Q05*Q8...$...
0x00d3f318: 0ab63a20 00000020 00d3f330 757051ff  :.. ...0....Qpu
0x00d3f328: 00d3f338 00000003 00d3f39c 5111f913 8..............Q
0x00d3f338: 0ab8821c 0ab639c4 ffffffff 00000001 .....9..........
0x00d3f348: 00d3f424 00d3f370 00d3f364 c222625e $...p...d...^b".
0x00d3f358: 03f9eb08 020c3b64 00000000 00000000 ....d;..........
0x00d3f368: 000015ef 03ce2610 00000000 014157df .....&.......WA.
0x00d3f378: 03f9eb00 03f9eb00 0231ef80 c2226262 ..........1.bb".
0x00d3f388: 00d3f39c 00d3f914 51144188 ffffffff .........A.Q....
0x00d3f398: 03f9eb00 00d3f414 0142599f 0ab63a20 .........YB. :..
0x00d3f3a8: ffffffff 00000001 00d3f420 00d3f424 ........ ...$...
0x00d3f3b8: 00000010 00000010 00000000 0130fdf4 ..............0.
0x00d3f3c8: 03fd4630 00d3f44c 0000000b 00000012 0F..L...........
0x00d3f3d8: 00d3f44c 00000007 03fd4630 00d3f44c L.......0F..L...
0x00d3f3e8: 00d3f3d4 00d3f44c 00000012 00d3f414 ....L...........
0x00d3f3f8: 0131ea74 00000000 00000000 00000000 t.1.............
0x00d3f408: 00000010 00f1c378 0ab63a20 00d3f46c ....x... :..l...
0x00d3f418: 01425c37 00d3f430 00000000 00000000 7\B.0...........
0x00d3f428: 04c27070 00000000 474d3952 00464657 pp......R9MGWFF.
0x00d3f438: 004b3335 00000000 00000007 0000000f 53K.............
0x00d3f448: 03fc9660 03fd4630 36333247 004b3335 `...0F..G23653K.
0x00d3f458: 01416bc2 00000012 0000001f 00d3f560 .kA.........`...
0x00d3f468: 00f1c378 00d3f560 01902895 00000010 x...`....(......
0x00d3f478: 04c27070 00000000 00d3f498 014153f5 pp...........SA.
0x00d3f488: 03fc9870 00000010 00000010 0231ef80 p.............1.
0x00d3f498: 00d3f4d0 342e3575 3166312e 00000000 ....u5.4.1f1....
0x00d3f4a8: 0000002f 00000008 0000000f 00000030 /...........0...
0x00d3f4b8: 03fc9660 0000002f 00d3f5ac 0000000f `.../...........
0x00d3f4c8: 00000020 0000002f 00d3f4f0 646e6957  .../.......Wind
0x00d3f4d8: 5073776f 6579616c 00000072 0000000d owsPlayer.......
0x00d3f4e8: 0000000f 0000004b 03fc9660 0130f739 ....K...`...9.0.
0x00d3f4f8: 00000030 00000010 00000020 0000002f 0....... .../...
0x00d3f508: 020adea8 0000004b 00d3f544 0130fd96 ....K...D.....0.
0x00d3f518: 00000030 00000000 00000024 04c27080 0.......$....p..
0x00d3f528: 342e3500 3166312e 04c27000 00d3f520 .5.4.1f1.p.. ...
0x00d3f538: 00000000 0000000f 00d3f560 03fc9600 ........`.......
0x00d3f548: 03fc9870 03fc9840 00000024 00000000 p...@...$.......
0x00d3f558: 0000000f 00000000 00d3f568 01901d2a ........h...*...
0x00d3f568: 00d3f578 01902467 00000001 04c27070 x...g$......pp..
0x00d3f578: 00d3f608 01903a68 00d3f5ac 00000001 ....h:..........
0x00d3f588: 04c27070 001174df 03f9eb00 02193cb8 pp...t.......<..
0x00d3f598: 019e9799 0000000a 00000000 0000000f ................
0x00d3f5a8: 00000022 03fc9840 04c27018 00000000 "...@....p......
0x00d3f5b8: 022ae4e8 00000024 0000002f 015be300 ..*.$.../.....[.
0x00d3f5c8: 00000000 00000000 00000005 00000000 ................
0x00d3f5d8: 00000000 0000000f f0e2ecc0 03fc98a0 ................
0x00d3f5e8: 00000000 00d3f661 00000010 00000024 ....a.......$...
0x00d3f5f8: 0000002f 022ae5c4 04c27070 00d3f618 /.....*.pp......
0x00d3f608: 00d3f618 01903b55 00000000 022d85f0 ....U;........-.
0x00d3f618: 00d3f634 01903bcf 00000001 145a2db0 4....;.......-Z.
0x00d3f628: 145a2db0 001174df 00000000 00d3f668 .-Z..t......h...
0x00d3f638: 01900db5 04c27070 00000001 145a2db0 ....pp.......-Z.
0x00d3f648: 145a2db0 001174df 00000000 02151e4d .-Z..t......M...
0x00d3f658: 04c27018 00000000 022d85f0 00000000 .p........-.....
0x00d3f668: 00d3f6d0 01901984 00000001 145a2db0 .............-Z.
0x00d3f678: 145a2db0 001174df 00000000 00000002 .-Z..t..........
0x00d3f688: 00000003 022d52d0 03fc9800 03fd4610 .....R-......F..
0x00d3f698: 03fb23b0 00d3f70c 00000000 0000000f .#..............
0x00d3f6a8: 00000002 03fc98a0 00d3f6a0 00d3f914 ................
0x00d3f6b8: 00000000 00000024 0000002f 00d3f6e0 ....$.../.......
0x00d3f6c8: f0e320df 00000000 00d3f6dc 01901ada . ..............
0x00d3f6d8: 00000001 00d3f704 0154f8a0 04c27018 ..........T..p..
0x00d3f6e8: ffffffbc 045f76c0 00000002 045f76c0 .....v_......v_.
0x00d3f6f8: 03fafa01 045f7630 022d52ac 00d3f76c ....0v_..R-.l...
0x00d3f708: 015505cf ffffffbc 045f76c0 00000002 ..U......v_.....
0x00d3f718: 03fafab0 045f7630 03fafa01 03fd44b0 ....0v_......D..
0x00d3f728: 03fd44b0 00000000 045f7684 00d3f748 .D.......v_.H...
0x00d3f738: 03fd44d0 00000000 03fd44b0 00000000 .D.......D......
0x00d3f748: 00d3f758 01416b60 03fd44b0 00000008 X...`kA..D......
0x00d3f758: 00d3f790 01318960 03fd44b0 045f7630 ....`.1..D..0v_.
0x00d3f768: 045f7630 00d3f790 0155078f 03fafab0 0v_.......U.....
0x00d3f778: 045f7630 0154f49a 00000010 03fafab0 0v_...T.........
0x00d3f788: 00000001 03fafab0 00d3f7b0 0154f52a ............*.T.
0x00d3f798: 00000002 7fffffff 00000010 045f7630 ............0v_.
0x00d3f7a8: 00000000 00000001 00d3f7c0 013f7f71 ............q.?.
0x00d3f7b8: 0000000f 04631fb0 00d3f854 0152b2dc ......c.T.....R.
0x00d3f7c8: 00d3f7ec 00d3f808 00d3f824 00d3f840 ........$...@...
0x00d3f7d8: 00000000 00000002 00000113 015c0fc0 ..............\.
0x00d3f7e8: 00000000 03fd4550 00d3f828 013809d4 ....PE..(.....8.
0x00d3f7f8: 00d3f828 0000001d 0000001f 022dcb4c (...........L.-.
0x00d3f808: 6576656c 0100306c 00000000 00000000 level0..........
0x00d3f818: 00000006 0000000f 00000000 03fd4530 ............0E..
0x00d3f828: 00d3f844 0134d5a6 03fd4550 00000014 D.....4.PE......
0x00d3f838: 0000001f 00000000 00000000 00000000 ................
0x00d3f848: 00000000 00000000 015c0fc0 00d3f890 ..........\.....
0x00d3f858: 0152b382 00000000 015c0ed2 015c0fc5 ..R.......\...\.
0x00d3f868: 76ac84f3 00000000 00000113 00006797 ...v.........g..
0x00d3f878: 18539625 015c0fc0 dcbaabcd 00000000 %.S...\.........
0x00d3f888: 00000113 015c0fc0 00d3f924 76aa44f7 ......\.$....D.v
0x00d3f898: 015c0fc0 00000000 00000113 00006797 ..\..........g..
0x00d3f8a8: 18539625 e61d8b9b 00000000 0fa00000 %.S.............
0x00d3f8b8: 00d3f9c8 00000024 00000001 00000000 ....$...........
0x00d3f8c8: 00000000 00000030 ffffffff ffffffff ....0...........
0x00d3f8d8: 76aa4473 00000000 00000000 00000000 sD.v............
0x00d3f8e8: 00000000 00000001 00000000 00000000 ................
0x00d3f8f8: 00000000 00000000 00000000 00000000 ................
0x00d3f908: e61d8b9b 00d3f8ac 76ace5f0 00d3f978 ...........vx...
0x00d3f918: 76ace5f0 907c58d7 00000000 00d3f988 ...v.X|.........
0x00d3f928: 76aa661f 015c0fc0 00000000 00000113 .f.v..\.........
0x00d3f938: 00006797 18539625 e61d8b37 76abe140 .g..%.S.7...@..v
0x00d3f948: 00d3f9c8 00000001 018e90c7 00000000 ................
0x00d3f958: 00000000 00a1a000 00000001 00d3f9c8 ................
0x00d3f968: 00000001 00000000 00d3f940 00000000 ........@.......
0x00d3f978: 00d3fbb8 76ace5f0 907c5997 00000000 .......v.Y|.....
0x00d3f988: 00d3f990 76ac6f30 00d3f9b4 0141dc5f ....0o.v...._.A.
0x00d3f998: 00d3f9c8 76aaca50 00000004 00d3f9e8 ....P..v........
0x00d3f9a8: 015c1593 00d3f9c8 00000000 00d3f9e8 ..\.............
0x00d3f9b8: 015c15b3 00d3f9c8 00000000 00000001 ..\.............
0x00d3f9c8: 00000000 00000113 00006797 015c0fc0 .........g....\.
0x00d3f9d8: 18539625 000002fa 0000003b 0000063c %.S.....;...<...
0x00d3f9e8: 00d3fb20 015c360e 019ebddb 00000000  ....6\.........
0x00d3f9f8: 00a19000 03f93910 01c0003f 000001ff .....9..?.......
0x00d3fa08: 00000000 0000003a 0000003f 00000fff ....:...?.......
0x00d3fa18: 03f938d0 00000000 00d71ef0 021f2b88 .8...........+..
0x00d3fa28: 0000003f 0000003f 01a0a11b 00d71ef0 ?...?...........
0x00d3fa38: 021f2b88 00000010 00000010 7fffffff .+..............
0x00d3fa48: 00000000 022ae4e8 00d71b38 00000010 ......*.8.......
0x00d3fa58: 00d3fa00 00d3fa8c 01a06ddb 00d71ef0 .........m......
0x00d3fa68: 021f2b88 03f9bd50 00d3fa7c 7fffffff .+..P...|.......
0x00d3fa78: 00000000 00000040 0000004f 00d705a8 ....@...O.......
0x00d3fa88: 03f93a10 00d3fabc 019f8b8b 00d71ef0 .:..............
0x00d3fa98: 00000031 0000003f 00d3f9dc 616e614d 1...?.......Mana
0x00d3faa8: 00646567 6c65746e 00000000 00000007 ged.ntel........
0x00d3fab8: 0000000f 00d3fac8 03f93950 03f93988 ........P9...9..
0x00d3fac8: 03f93988 0000000d 03ce1040 65646900 .9......@....ide
0x00d3fad8: 646e6957 6c00776f 00d3006c 00000000 Window.ll.......
0x00d3fae8: 0000000f 00000000 00000000 65726100 .............are
0x00d3faf8: 5748746e 0100444e 00e242a1 00000000 ntHWND...B......
0x00d3fb08: 0000000f 00000000 03ce1040 03ce1080 ........@.......
0x00d3fb18: 00000000 00100801 00d3fb38 019bc8d8 ........8.......
0x00d3fb28: 01300000 00000000 00e242a3 00000001 ..0......B......
0x00d3fb38: 00d3fbc8 019ebd88 01300000 00000000 ..........0.....
0x00d3fb48: 00e242a3 00000001 637e78ed 019ebddb .B.......x~c....
0x00d3fb58: 019ebddb 00a19000 00000044 00e22288 ........D...."..
0x00d3fb68: 00e22268 00e22206 00000000 00000000 h"..."..........
0x00d3fb78: 00000000 00000000 00000000 00000000 ................
0x00d3fb88: 00000000 00000401 00000001 00000000 ................
0x00d3fb98: 00000000 00010001 00000000 00d3fbb4 ................
0x00d3fba8: 019ebddb 00000000 00d3fb50 03b406e8 ........P.......
0x00d3fbb8: 00d3fc14 019ed960 618baa2d 00000000 ....`...-..a....
0x00d3fbc8: 00d3fbdc 762d38f4 00a19000 762d38d0 .....8-v.....8-v
0x00d3fbd8: e69843e5 00d3fc24 76fb5de3 00a19000 .C..$....].v....
0x00d3fbe8: e7aaa33b 00000000 00000000 00a19000 ;...............
0x00d3fbf8: 00000000 00000000 00000000 00000000 ................
0x00d3fc08: e7aaa33b 00d3fbe8 00000000 00d3fc2c ;...........,...
0x00d3fc18: 76fced50 907d6b07 00000000 00d3fc34 P..v.k}.....4...
0x00d3fc28: 76fb5dae ffffffff 76fdb7b3 00000000 .].v.......v....
0x00d3fc38: 00000000 019ebddb 00a19000 00000000 ................
0x00d3fc48: 00000000 00000000 00000000 00000000 ................
0x00d3fc58: 00000000 00000000 00000000 00000000 ................
0x00d3fc68: 00000000 00000000 00000000 00000000 ................
0x00d3fc78: 00000000 00000000 00000000 00000000 ................
0x00d3fc88: 00000000 00000000 00000000 00000000 ................
0x00d3fc98: 00000000 00000000 00000000 00000000 ................
0x00d3fca8: 00000000 00000000 00000000 00000000 ................
0x00d3fcb8: 00000000 00000000 00000000 00000000 ................
0x00d3fcc8: 00000000 00000000 00000000 00000000 ................
0x00d3fcd8: 00000000 00000000 00000000 00000000 ................
0x00d3fce8: 00000000 00000000 00000000 00000000 ................
0x00d3fcf8: 00000000 00000000 00000000 00000000 ................
0x00d3fd08: 00000000 00000000 00000000 00000000 ................
0x00d3fd18: 00000000 00000000 00000000 00000000 ................
0x00d3fd28: 00000000 00000000 00000000 00000000 ................
0x00d3fd38: 00000000 00000000 00000000 00000000 ................
0x00d3fd48: 00000000 00000000 00000000 00000000 ................
0x00d3fd58: 00000000 00000000 00000000 00000000 ................
0x00d3fd68: 00000000 00000000 00000000 00000000 ................
0x00d3fd78: 00000000 00000000 00000000 00000000 ................
0x00d3fd88: 00000000 00000000 00000000 00000000 ................
0x00d3fd98: 00000000 00000000 00000000 00000000 ................
0x00d3fda8: 00000000 00000000 00000000 00000000 ................
0x00d3fdb8: 00000000 00000000 00000000 00000000 ................
0x00d3fdc8: 00000000 00000000 00000000 00000000 ................
0x00d3fdd8: 00000000 00000000 00000000 00000000 ................
0x00d3fde8: 00000000 00000000 00000000 00000000 ................
0x00d3fdf8: 00000000 00000000 00000000 00000000 ................
0x00d3fe08: 00000000 00000000 00000000 00000000 ................
0x00d3fe18: 00000000 00000000 00000000 00000000 ................
0x00d3fe28: 00000000 00000000 00000000 00000000 ................
0x00d3fe38: 00000000 00000000 00000000 00000000 ................
0x00d3fe48: 00000000 00000000 00000000 00000000 ................
0x00d3fe58: 00000000 00000000 00000000 00000000 ................
0x00d3fe68: 00000000 00000000 00000000 00000000 ................
0x00d3fe78: 00000000 00000000 00000000 00000000 ................
0x00d3fe88: 00000000 00000000 00000000 00000000 ................
0x00d3fe98: 00000000 00000000 00000000 00000000 ................
0x00d3fea8: 00000000 00000000 00000000 00000000 ................
0x00d3feb8: 00000000 00000000 00000000 00000000 ................
0x00d3fec8: 00000000 00000000 00000000 00000000 ................
0x00d3fed8: 00000000 00000000 00000000 00000000 ................
0x00d3fee8: 00000000 00000000 00000000 00000000 ................
0x00d3fef8: 00000000 00000000 00000000 00000000 ................
0x00d3ff08: 00000000 00000000 00000000 00000000 ................
0x00d3ff18: 00000000 00000000 00000000 00000000 ................
0x00d3ff28: 00000000 00000000 00000000 00000000 ................
0x00d3ff38: 00000000 00000000 00000000 00000000 ................
0x00d3ff48: 00000000 00000000 00000000 00000000 ................
0x00d3ff58: 00000000 00000000 00000000 00000000 ................
0x00d3ff68: 00000000 00000000 00000000 00000000 ................
0x00d3ff78: 00000000 00000000 00000000 00000000 ................
0x00d3ff88: 00000000 00000000 00000000 00000000 ................
0x00d3ff98: 00000000 00000000 00000000 00000000 ................
0x00d3ffa8: 00000000 00000000 00000000 00000000 ................
0x00d3ffb8: 00000000 00000000 00000000 00000000 ................
0x00d3ffc8: 00000000 00000000 00000000 00000000 ................
0x00d3ffd8: 00000000 00000000 00000000 00000000 ................
0x00d3ffe8: 00000000 00000000 00000000 00000000 ................
0x00d3fff8: 00000000 00000000                   ........

Module 1
C:\WINDOWS\SYSTEM32\xinput1_3.dll
Image Base: 0x00400000  Image Size: 0x00016000
File Size:  81768       File Time:  2007-04-04_185342
Version:
   Company:    Microsoft Corporation
   Product:    Microsoft® DirectX for Windows®
   FileDesc:   Microsoft Common Controller API
   FileVer:    9.18.944.0
   ProdVer:    9.18.944.0

Module 2
C:\Users\ildan\Documents\game-collection\run.exe
Image Base: 0x01300000  Image Size: 0x011b8000
File Size:  17729536    File Time:  2016-09-01_133248
Version:
   Company:    
   Product:    
   FileDesc:   
   FileVer:    5.4.1.40776
   ProdVer:    5.4.1.40776

Module 3
C:\Program Files (x86)\NVIDIA Corporation\CoProcManager\detoured.dll
Image Base: 0x0f000000  Image Size: 0x00006000
File Size:  12104       File Time:  2016-03-26_233738
Version:
   Company:    
   Product:    
   FileDesc:   
   FileVer:    0.0.0.0
   ProdVer:    0.0.0.0

Module 4
C:\Users\ildan\Documents\game-collection\run_Data\Mono\mono.dll
Image Base: 0x10000000  Image Size: 0x00230000
File Size:  2113496     File Time:  2016-09-01_133800
Version:
   Company:    Unity Technologies
   Product:    libmono
   FileDesc:   Unity Technologies fork of mono runtime
   FileVer:    1.0.0.1
   ProdVer:    1.0.0.1

Module 5
C:\WINDOWS\SYSTEM32\efswrt.dll
Image Base: 0x50e10000  Image Size: 0x00071000
File Size:  442880      File Time:  2016-07-01_062842
Version:
   Company:    Microsoft Corporation
   Product:    Microsoft® Windows® Operating System
   FileDesc:   Storage Protection Windows Runtime DLL
   FileVer:    10.0.10586.494
   ProdVer:    10.0.10586.494

Module 6
C:\WINDOWS\SYSTEM32\dbghelp.dll
Image Base: 0x50e90000  Image Size: 0x0013f000
File Size:  1196544     File Time:  2015-10-30_101840
Version:
   Company:    Microsoft Corporation
   Product:    Microsoft® Windows® Operating System
   FileDesc:   Windows Image Helper
   FileVer:    10.0.10586.0
   ProdVer:    10.0.10586.0

Module 7
C:\WINDOWS\system32\wbem\fastprox.dll
Image Base: 0x51110000  Image Size: 0x000bf000
File Size:  765440      File Time:  2015-10-30_101822
Version:
   Company:    Microsoft Corporation
   Product:    Microsoft® Windows® Operating System
   FileDesc:   WMI Custom Marshaller
   FileVer:    10.0.10586.0
   ProdVer:    10.0.10586.0

Module 8
C:\WINDOWS\system32\wbem\wbemsvc.dll
Image Base: 0x512a0000  Image Size: 0x00011000
File Size:  49152       File Time:  2015-10-30_101822
Version:
   Company:    Microsoft Corporation
   Product:    Microsoft® Windows® Operating System
   FileDesc:   WMI
   FileVer:    10.0.10586.0
   ProdVer:    10.0.10586.0

Module 9
C:\WINDOWS\SYSTEM32\wbemcomn.dll
Image Base: 0x512c0000  Image Size: 0x00067000
File Size:  393216      File Time:  2016-09-07_073524
Version:
   Company:    Microsoft Corporation
   Product:    Microsoft® Windows® Operating System
   FileDesc:   WMI
   FileVer:    10.0.10586.589
   ProdVer:    10.0.10586.589

Module 10
C:\WINDOWS\SYSTEM32\DDRAW.dll
Image Base: 0x51330000  Image Size: 0x000ee000
File Size:  551424      File Time:  2015-10-30_101840
Version:
   Company:    Microsoft Corporation
   Product:    Îïåðàöèîííàÿ ñèñòåìà Microsoft® Windows®
   FileDesc:   Microsoft DirectDraw
   FileVer:    10.0.10586.0
   ProdVer:    10.0.10586.0

Module 11
C:\WINDOWS\SYSTEM32\OPENGL32.dll
Image Base: 0x51420000  Image Size: 0x000e0000
File Size:  787456      File Time:  2015-10-30_101840
Version:
   Company:    Microsoft Corporation
   Product:    Microsoft® Windows® Operating System
   FileDesc:   OpenGL Client DLL
   FileVer:    10.0.10586.0
   ProdVer:    10.0.10586.0

Module 12
C:\WINDOWS\system32\wbem\wbemprox.dll
Image Base: 0x51cf0000  Image Size: 0x0000d000
File Size:  35840       File Time:  2015-10-30_101822
Version:
   Company:    Microsoft Corporation
   Product:    Microsoft® Windows® Operating System
   FileDesc:   WMI
   FileVer:    10.0.10586.0
   ProdVer:    10.0.10586.0

Module 13
C:\WINDOWS\SYSTEM32\MSACM32.dll
Image Base: 0x51d00000  Image Size: 0x00018000
File Size:  90912       File Time:  2015-10-30_101830
Version:
   Company:    Microsoft Corporation
   Product:    Îïåðàöèîííàÿ ñèñòåìà Microsoft® Windows®
   FileDesc:   Ôèëüòð äèñïåò÷åðà àóäèîñæàòèÿ Microsoft
   FileVer:    10.0.10586.0
   ProdVer:    10.0.10586.0

Module 14
C:\WINDOWS\SYSTEM32\wdmaud.drv
Image Base: 0x51de0000  Image Size: 0x00038000
File Size:  205824      File Time:  2015-10-30_101830
Version:
   Company:    Microsoft Corporation
   Product:    Îïåðàöèîííàÿ ñèñòåìà Microsoft® Windows®
   FileDesc:   Ñèñòåìíûé çâóêîâîé äðàéâåð Winmm
   FileVer:    10.0.10586.0
   ProdVer:    10.0.10586.0

Module 15
C:\WINDOWS\SYSTEM32\midimap.dll
Image Base: 0x52f90000  Image Size: 0x00008000
File Size:  18944       File Time:  2015-10-30_101830
Version:
   Company:    Microsoft Corporation
   Product:    Microsoft® Windows® Operating System
   FileDesc:   Microsoft MIDI Mapper
   FileVer:    10.0.10586.0
   ProdVer:    10.0.10586.0

Module 16
C:\WINDOWS\SYSTEM32\GLU32.dll
Image Base: 0x52fb0000  Image Size: 0x00025000
File Size:  141312      File Time:  2015-10-30_101840
Version:
   Company:    Microsoft Corporation
   Product:    Îïåðàöèîííàÿ ñèñòåìà Microsoft® Windows®
   FileDesc:   Áèáëèîòåêà ïîäïðîãðàìì OpenGL
   FileVer:    10.0.10586.0
   ProdVer:    10.0.10586.0

Module 17
C:\WINDOWS\SYSTEM32\msacm32.drv
Image Base: 0x55ad0000  Image Size: 0x00009000
File Size:  24064       File Time:  2015-10-30_101830
Version:
   Company:    Microsoft Corporation
   Product:    Îïåðàöèîííàÿ ñèñòåìà Microsoft® Windows®
   FileDesc:   Ïðîãðàììà ïåðåíàçíà÷åíèÿ çâóêîâûõ óñòðîéñòâ
   FileVer:    10.0.10586.0
   ProdVer:    10.0.10586.0

Module 18
C:\WINDOWS\SYSTEM32\DCIMAN32.dll
Image Base: 0x55ae0000  Image Size: 0x00007000
File Size:  11776       File Time:  2016-02-13_203224
Version:
   Company:    Microsoft Corporation
   Product:    Microsoft® Windows® Operating System
   FileDesc:   DCI Manager
   FileVer:    10.0.10586.3
   ProdVer:    10.0.10586.3

Module 19
C:\WINDOWS\SYSTEM32\ksuser.dll
Image Base: 0x55b40000  Image Size: 0x00007000
File Size:  19648       File Time:  2015-10-30_101830
Version:
   Company:    Microsoft Corporation
   Product:    Microsoft® Windows® Operating System
   FileDesc:   User CSA Library
   FileVer:    10.0.10586.0
   ProdVer:    10.0.10586.0

Module 20
C:\WINDOWS\SYSTEM32\AVRT.dll
Image Base: 0x66780000  Image Size: 0x00009000
File Size:  28416       File Time:  2015-10-30_101830
Version:
   Company:    Microsoft Corporation
   Product:    Microsoft® Windows® Operating System
   FileDesc:   Multimedia Realtime Runtime
   FileVer:    10.0.10586.0
   ProdVer:    10.0.10586.0

Module 21
C:\WINDOWS\system32\igd10umd32.dll
Image Base: 0x6ab90000  Image Size: 0x00ab3000
File Size:  11352688    File Time:  2016-03-26_233712
Version:
   Company:    Intel Corporation
   Product:    Intel Graphics Accelerator Drivers for Windows 8(R)
   FileDesc:   LDDM User Mode Driver for Intel(R) Graphics Technology
   FileVer:    9.17.10.4229
   ProdVer:    9.17.10.4229

Module 22
C:\WINDOWS\system32\rsaenh.dll
Image Base: 0x6e6b0000  Image Size: 0x0002f000
File Size:  183904      File Time:  2016-04-23_080740
Version:
   Company:    Microsoft Corporation
   Product:    Microsoft® Windows® Operating System
   FileDesc:   Microsoft Enhanced Cryptographic Provider
   FileVer:    10.0.10586.306
   ProdVer:    10.0.10586.306

Module 23
C:\WINDOWS\SYSTEM32\edputil.dll
Image Base: 0x6ea80000  Image Size: 0x00049000
File Size:  279040      File Time:  2016-07-01_062828
Version:
   Company:    Microsoft Corporation
   Product:    Îïåðàöèîííàÿ ñèñòåìà Microsoft® Windows®
   FileDesc:   Ñëóæåáíàÿ ïðîãðàììà EDP
   FileVer:    10.0.10586.494
   ProdVer:    10.0.10586.494

Module 24
C:\WINDOWS\SYSTEM32\nvumdshim.dll
Image Base: 0x6ee60000  Image Size: 0x000f9000
File Size:  991152      File Time:  2016-03-26_233742
Version:
   Company:    NVIDIA Corporation
   Product:    NVIDIA D3D shim drivers
   FileDesc:   NVIDIA D3D Shim Driver, Version 353.62 
   FileVer:    10.18.13.5362
   ProdVer:    10.18.13.5362

Module 25
C:\WINDOWS\SYSTEM32\d3d11.dll
Image Base: 0x6f010000  Image Size: 0x0021a000
File Size:  2186856     File Time:  2016-09-07_081318
Version:
   Company:    Microsoft Corporation
   Product:    Microsoft® Windows® Operating System
   FileDesc:   Direct3D 11 Runtime
   FileVer:    10.0.10586.589
   ProdVer:    10.0.10586.589

Module 26
C:\WINDOWS\SYSTEM32\dxgi.dll
Image Base: 0x6f230000  Image Size: 0x00082000
File Size:  521152      File Time:  2016-07-01_071146
Version:
   Company:    Microsoft Corporation
   Product:    Microsoft® Windows® Operating System
   FileDesc:   DirectX Graphics Infrastructure
   FileVer:    10.0.10586.494
   ProdVer:    10.0.10586.494

Module 27
C:\WINDOWS\SYSTEM32\CRYPTSP.dll
Image Base: 0x6fb20000  Image Size: 0x00013000
File Size:  69232       File Time:  2015-10-30_101828
Version:
   Company:    Microsoft Corporation
   Product:    Microsoft® Windows® Operating System
   FileDesc:   Cryptographic Service Provider API
   FileVer:    10.0.10586.0
   ProdVer:    10.0.10586.0

Module 28
C:\Windows\System32\rasadhlp.dll
Image Base: 0x70090000  Image Size: 0x00008000
File Size:  13312       File Time:  2016-02-13_203230
Version:
   Company:    Microsoft Corporation
   Product:    Microsoft® Windows® Operating System
   FileDesc:   Remote Access AutoDial Helper
   FileVer:    10.0.10586.71
   ProdVer:    10.0.10586.71

Module 29
C:\WINDOWS\System32\fwpuclnt.dll
Image Base: 0x700a0000  Image Size: 0x00047000
File Size:  269824      File Time:  2016-03-29_082532
Version:
   Company:    Microsoft Corporation
   Product:    Îïåðàöèîííàÿ ñèñòåìà Microsoft® Windows®
   FileDesc:   API ïîëüçîâàòåëüñêîãî ðåæèìà FWP/IPsec
   FileVer:    10.0.10586.212
   ProdVer:    10.0.10586.212

Module 30
C:\WINDOWS\SYSTEM32\DNSAPI.dll
Image Base: 0x70120000  Image Size: 0x00084000
File Size:  535080      File Time:  2016-03-29_122856
Version:
   Company:    Microsoft Corporation
   Product:    Îïåðàöèîííàÿ ñèñòåìà Microsoft® Windows®
   FileDesc:   Äèíàìè÷åñêàÿ áèáëèîòåêà API DNS-êëèåíòà
   FileVer:    10.0.10586.212
   ProdVer:    10.0.10586.212

Module 31
C:\WINDOWS\SYSTEM32\MSWSOCK.dll
Image Base: 0x701b0000  Image Size: 0x0004f000
File Size:  312160      File Time:  2016-05-28_082330
Version:
   Company:    Microsoft Corporation
   Product:    Îïåðàöèîííàÿ ñèñòåìà Microsoft® Windows®
   FileDesc:   Ðàñøèðåíèå ïîñòàâùèêà ñëóæáû API Microsoft Windows Sockets 2.0
   FileVer:    10.0.10586.420
   ProdVer:    10.0.10586.420

Module 32
C:\WINDOWS\System32\PROPSYS.dll
Image Base: 0x70520000  Image Size: 0x0014b000
File Size:  1355336     File Time:  2016-09-07_082058
Version:
   Company:    Microsoft Corporation
   Product:    Ñëóæáà Windows® Search
   FileDesc:   Ñèñòåìà ñòðàíèö ñâîéñòâ (Ìàéêðîñîôò)
   FileVer:    7.0.10586.589
   ProdVer:    7.0.10586.589

Module 33
C:\WINDOWS\System32\MMDevApi.dll
Image Base: 0x70670000  Image Size: 0x00055000
File Size:  339344      File Time:  2015-10-30_101830
Version:
   Company:    Microsoft Corporation
   Product:    Îïåðàöèîííàÿ ñèñòåìà Microsoft® Windows®
   FileDesc:   MMDevice API
   FileVer:    10.0.10586.0
   ProdVer:    10.0.10586.0

Module 34
C:\WINDOWS\SYSTEM32\DEVOBJ.dll
Image Base: 0x70740000  Image Size: 0x00022000
File Size:  129160      File Time:  2015-10-30_101824
Version:
   Company:    Microsoft Corporation
   Product:    Microsoft® Windows® Operating System
   FileDesc:   Device Information Set DLL
   FileVer:    10.0.10586.0
   ProdVer:    10.0.10586.0

Module 35
C:\WINDOWS\SYSTEM32\dhcpcsvc.DLL
Image Base: 0x707e0000  Image Size: 0x00014000
File Size:  64000       File Time:  2016-05-28_071924
Version:
   Company:    Microsoft Corporation
   Product:    Îïåðàöèîííàÿ ñèñòåìà Microsoft® Windows®
   FileDesc:   Ñëóæáà DHCP-êëèåíòà
   FileVer:    10.0.10586.420
   ProdVer:    10.0.10586.420

Module 36
C:\WINDOWS\SYSTEM32\dhcpcsvc6.DLL
Image Base: 0x70800000  Image Size: 0x00013000
File Size:  57344       File Time:  2016-05-28_072024
Version:
   Company:    Microsoft Corporation
   Product:    Îïåðàöèîííàÿ ñèñòåìà Microsoft® Windows®
   FileDesc:   Êëèåíò DHCPv6
   FileVer:    10.0.10586.420
   ProdVer:    10.0.10586.420

Module 37
C:\WINDOWS\SYSTEM32\IPHLPAPI.DLL
Image Base: 0x72eb0000  Image Size: 0x0002f000
File Size:  187488      File Time:  2015-10-30_101832
Version:
   Company:    Microsoft Corporation
   Product:    Îïåðàöèîííàÿ ñèñòåìà Microsoft® Windows®
   FileDesc:   API âñïîìîãàòåëüíîãî ïðèëîæåíèÿ IP
   FileVer:    10.0.10586.0
   ProdVer:    10.0.10586.0

Module 38
C:\Program Files (x86)\Bonjour\mdnsNSP.dll
Image Base: 0x72fc0000  Image Size: 0x00021000
File Size:  122128      File Time:  2015-08-12_160338
Version:
   Company:    Apple Inc.
   Product:    Bonjour
   FileDesc:   Bonjour Namespace Provider
   FileVer:    3.1.0.1
   ProdVer:    3.1.0.1

Module 39
C:\WINDOWS\SYSTEM32\AUDIOSES.DLL
Image Base: 0x72ff0000  Image Size: 0x00068000
File Size:  405568      File Time:  2016-02-13_203234
Version:
   Company:    Microsoft Corporation
   Product:    Îïåðàöèîííàÿ ñèñòåìà Microsoft® Windows®
   FileDesc:   Ñåàíñ îáðàáîòêè çâóêà
   FileVer:    10.0.10586.71
   ProdVer:    10.0.10586.71

Module 40
C:\WINDOWS\system32\dwmapi.dll
Image Base: 0x730f0000  Image Size: 0x0001d000
File Size:  94208       File Time:  2015-10-30_101830
Version:
   Company:    Microsoft Corporation
   Product:    Îïåðàöèîííàÿ ñèñòåìà Microsoft® Windows®
   FileDesc:   Èíòåðôåéñ API äèñïåò÷åðà îêîí ðàáî÷åãî ñòîëà (Ìàéêðîñîôò)
   FileVer:    10.0.10586.0
   ProdVer:    10.0.10586.0

Module 41
C:\WINDOWS\system32\uxtheme.dll
Image Base: 0x731c0000  Image Size: 0x00075000
File Size:  458752      File Time:  2015-10-30_101838
Version:
   Company:    Microsoft Corporation
   Product:    Îïåðàöèîííàÿ ñèñòåìà Microsoft® Windows®
   FileDesc:   Áèáëèîòåêà òåì UxTheme (Microsoft)
   FileVer:    10.0.10586.0
   ProdVer:    10.0.10586.0

Module 42
C:\WINDOWS\SYSTEM32\ntmarta.dll
Image Base: 0x73240000  Image Size: 0x00028000
File Size:  150840      File Time:  2015-10-30_101828
Version:
   Company:    Microsoft Corporation
   Product:    Îïåðàöèîííàÿ ñèñòåìà Microsoft® Windows®
   FileDesc:   Ïîñòàâùèê Windows NT MARTA
   FileVer:    10.0.10586.0
   ProdVer:    10.0.10586.0

Module 43
C:\WINDOWS\WinSxS\x86_microsoft.windows.common-controls_6595b64144ccf1df_6.0.10586.589_none_ea8aeaa1b9b5d5d4\comctl32.dll
Image Base: 0x732b0000  Image Size: 0x0020f000
File Size:  2142048     File Time:  2016-09-07_082114
Version:
   Company:    Microsoft Corporation
   Product:    Îïåðàöèîííàÿ ñèñòåìà Microsoft® Windows®
   FileDesc:   Áèáëèîòåêà ýëåìåíòîâ óïðàâëåíèÿ âçàèìîäåéñòâèÿ ñ ïîëüçîâàòåëåì
   FileVer:    6.10.10586.589
   ProdVer:    10.0.10586.589

Module 44
C:\WINDOWS\SYSTEM32\HID.DLL
Image Base: 0x734d0000  Image Size: 0x0000a000
File Size:  25088       File Time:  2015-10-30_101826
Version:
   Company:    Microsoft Corporation
   Product:    Îïåðàöèîííàÿ ñèñòåìà Microsoft® Windows®
   FileDesc:   Áèáëèîòåêà ïîëüçîâàòåëÿ HID
   FileVer:    10.0.10586.0
   ProdVer:    10.0.10586.0

Module 45
C:\Program Files (x86)\NVIDIA Corporation\CoProcManager\nvdxgiwrap.dll
Image Base: 0x73580000  Image Size: 0x0001e000
File Size:  105328      File Time:  2016-03-26_233738
Version:
   Company:    NVIDIA Corporation
   Product:    NVIDIA D3D shim drivers
   FileDesc:   NVIDIA dxgiwrap dll, Version 353.62 
   FileVer:    10.18.13.5362
   ProdVer:    10.18.13.5362

Module 46
C:\Program Files (x86)\NVIDIA Corporation\CoProcManager\nvd3d9wrap.dll
Image Base: 0x735a0000  Image Size: 0x00029000
File Size:  155952      File Time:  2016-03-26_233738
Version:
   Company:    NVIDIA Corporation
   Product:    NVIDIA D3D shim drivers
   FileDesc:   NVIDIA d3d9wrap dll, Version 353.62 
   FileVer:    10.18.13.5362
   ProdVer:    10.18.13.5362

Module 47
C:\WINDOWS\SYSTEM32\nvinit.dll
Image Base: 0x735d0000  Image Size: 0x0002b000
File Size:  155280      File Time:  2016-03-26_233740
Version:
   Company:    NVIDIA Corporation
   Product:    NVIDIA D3D shim drivers
   FileDesc:   NVIDIA shim initialization dll, Version 353.62 
   FileVer:    10.18.13.5362
   ProdVer:    10.18.13.5362

Module 48
C:\WINDOWS\SYSTEM32\WINMMBASE.dll
Image Base: 0x73600000  Image Size: 0x00023000
File Size:  132744      File Time:  2015-10-30_101830
Version:
   Company:    Microsoft Corporation
   Product:    Microsoft® Windows® Operating System
   FileDesc:   Base Multimedia Extension API DLL
   FileVer:    10.0.10586.0
   ProdVer:    10.0.10586.0

Module 49
C:\WINDOWS\SYSTEM32\WINHTTP.dll
Image Base: 0x73630000  Image Size: 0x0009b000
File Size:  614400      File Time:  2016-09-07_072808
Version:
   Company:    Microsoft Corporation
   Product:    Îïåðàöèîííàÿ ñèñòåìà Microsoft® Windows®
   FileDesc:   Ñëóæáû HTTP Windows
   FileVer:    10.0.10586.589
   ProdVer:    10.0.10586.589

Module 50
C:\WINDOWS\SYSTEM32\WINMM.dll
Image Base: 0x73700000  Image Size: 0x00024000
File Size:  134352      File Time:  2015-10-30_101830
Version:
   Company:    Microsoft Corporation
   Product:    Îïåðàöèîííàÿ ñèñòåìà Microsoft® Windows®
   FileDesc:   MCI API DLL
   FileVer:    10.0.10586.0
   ProdVer:    10.0.10586.0

Module 51
C:\WINDOWS\SYSTEM32\VERSION.dll
Image Base: 0x73730000  Image Size: 0x00008000
File Size:  27360       File Time:  2015-10-30_101838
Version:
   Company:    Microsoft Corporation
   Product:    Microsoft® Windows® Operating System
   FileDesc:   Version Checking and File Installation Libraries
   FileVer:    10.0.10586.0
   ProdVer:    10.0.10586.0

Module 52
C:\WINDOWS\SYSTEM32\wintypes.dll
Image Base: 0x73ab0000  Image Size: 0x000c8000
File Size:  820704      File Time:  2016-02-13_203224
Version:
   Company:    Microsoft Corporation
   Product:    Îïåðàöèîííàÿ ñèñòåìà Microsoft® Windows®
   FileDesc:   Áèáëèîòåêà DLL îñíîâíûõ òèïîâ Windows
   FileVer:    10.0.10586.103
   ProdVer:    10.0.10586.103

Module 53
C:\WINDOWS\SYSTEM32\bcrypt.dll
Image Base: 0x73b80000  Image Size: 0x0001b000
File Size:  107408      File Time:  2015-10-30_101828
Version:
   Company:    Microsoft Corporation
   Product:    Îïåðàöèîííàÿ ñèñòåìà Microsoft® Windows®
   FileDesc:   Áèáëèîòåêà êðèïòîãðàôè÷åñêèõ ïðèìèòèâîâ Windows
   FileVer:    10.0.10586.0
   ProdVer:    10.0.10586.0

Module 54
C:\WINDOWS\SYSTEM32\CRYPTBASE.dll
Image Base: 0x73c70000  Image Size: 0x0000a000
File Size:  31528       File Time:  2015-10-30_101832
Version:
   Company:    Microsoft Corporation
   Product:    Microsoft® Windows® Operating System
   FileDesc:   Base cryptographic API DLL
   FileVer:    10.0.10586.0
   ProdVer:    10.0.10586.0

Module 55
C:\WINDOWS\SYSTEM32\SspiCli.dll
Image Base: 0x73c80000  Image Size: 0x0001e000
File Size:  116216      File Time:  2016-09-07_080806
Version:
   Company:    Microsoft Corporation
   Product:    Microsoft® Windows® Operating System
   FileDesc:   Security Support Provider Interface
   FileVer:    10.0.10586.589
   ProdVer:    10.0.10586.589

Module 56
C:\WINDOWS\SYSTEM32\SHELL32.dll
Image Base: 0x73ca0000  Image Size: 0x013fe000
File Size:  21123320    File Time:  2016-09-07_082132
Version:
   Company:    Microsoft Corporation
   Product:    Îïåðàöèîííàÿ ñèñòåìà Microsoft® Windows®
   FileDesc:   Îáùàÿ áèáëèîòåêà îáîëî÷êè Windows
   FileVer:    10.0.10586.589
   ProdVer:    10.0.10586.589

Module 57
C:\WINDOWS\SYSTEM32\SHLWAPI.dll
Image Base: 0x750a0000  Image Size: 0x00045000
File Size:  276336      File Time:  2015-10-30_101838
Version:
   Company:    Microsoft Corporation
   Product:    Îïåðàöèîííàÿ ñèñòåìà Microsoft® Windows®
   FileDesc:   Áèáëèîòåêà íåáîëüøèõ ïðîãðàìì îáîëî÷êè
   FileVer:    10.0.10586.0
   ProdVer:    10.0.10586.0

Module 58
C:\WINDOWS\SYSTEM32\KERNELBASE.dll
Image Base: 0x75150000  Image Size: 0x0017e000
File Size:  1557768     File Time:  2016-09-07_083954
Version:
   Company:    Microsoft Corporation
   Product:    Îïåðàöèîííàÿ ñèñòåìà Microsoft® Windows®
   FileDesc:   Áèáëèîòåêà êëèåíòà Windows NT BASE API
   FileVer:    10.0.10586.589
   ProdVer:    10.0.10586.589

Module 59
C:\WINDOWS\SYSTEM32\shcore.dll
Image Base: 0x752d0000  Image Size: 0x0008d000
File Size:  569744      File Time:  2016-09-07_082058
Version:
   Company:    Microsoft Corporation
   Product:    Îïåðàöèîííàÿ ñèñòåìà Microsoft® Windows®
   FileDesc:   SHCORE
   FileVer:    10.0.10586.589
   ProdVer:    10.0.10586.589

Module 60
C:\WINDOWS\SYSTEM32\GDI32.dll
Image Base: 0x754d0000  Image Size: 0x0014f000
File Size:  1372312     File Time:  2016-05-28_075706
Version:
   Company:    Microsoft Corporation
   Product:    Microsoft® Windows® Operating System
   FileDesc:   GDI Client DLL
   FileVer:    10.0.10586.420
   ProdVer:    10.0.10586.420

Module 61
C:\WINDOWS\SYSTEM32\combase.dll
Image Base: 0x75620000  Image Size: 0x001bd000
File Size:  1824264     File Time:  2016-09-07_082234
Version:
   Company:    Microsoft Corporation
   Product:    Îïåðàöèîííàÿ ñèñòåìà Microsoft® Windows®
   FileDesc:   Microsoft COM äëÿ Windows
   FileVer:    10.0.10586.589
   ProdVer:    10.0.10586.589

Module 62
C:\WINDOWS\SYSTEM32\MSASN1.dll
Image Base: 0x757e0000  Image Size: 0x0000e000
File Size:  49592       File Time:  2015-10-30_101828
Version:
   Company:    Microsoft Corporation
   Product:    Microsoft® Windows® Operating System
   FileDesc:   ASN.1 Runtime APIs
   FileVer:    10.0.10586.0
   ProdVer:    10.0.10586.0

Module 63
C:\WINDOWS\SYSTEM32\CRYPT32.dll
Image Base: 0x75850000  Image Size: 0x00179000
File Size:  1536600     File Time:  2016-07-01_071800
Version:
   Company:    Microsoft Corporation
   Product:    Îïåðàöèîííàÿ ñèñòåìà Microsoft® Windows®
   FileDesc:   API32 êðèïòîãðàôèè
   FileVer:    10.0.10586.494
   ProdVer:    10.0.10586.494

Module 64
C:\WINDOWS\SYSTEM32\windows.storage.dll
Image Base: 0x759d0000  Image Size: 0x004fa000
File Size:  5240952     File Time:  2016-09-07_082102
Version:
   Company:    Microsoft Corporation
   Product:    Îïåðàöèîííàÿ ñèñòåìà Microsoft® Windows®
   FileDesc:   API õðàíåíèÿ Microsoft WinRT
   FileVer:    10.0.10586.589
   ProdVer:    10.0.10586.589

Module 65
C:\WINDOWS\SYSTEM32\PSAPI.DLL
Image Base: 0x75ed0000  Image Size: 0x00006000
File Size:  17048       File Time:  2015-10-30_101824
Version:
   Company:    Microsoft Corporation
   Product:    Microsoft® Windows® Operating System
   FileDesc:   Process Status Helper
   FileVer:    10.0.10586.0
   ProdVer:    10.0.10586.0

Module 66
C:\WINDOWS\SYSTEM32\ADVAPI32.dll
Image Base: 0x75f40000  Image Size: 0x0007b000
File Size:  499432      File Time:  2016-02-13_203224
Version:
   Company:    Microsoft Corporation
   Product:    Îïåðàöèîííàÿ ñèñòåìà Microsoft® Windows®
   FileDesc:   Ðàñøèðåííàÿ áèáëèîòåêà API Windows 32
   FileVer:    10.0.10586.63
   ProdVer:    10.0.10586.63

Module 67
C:\WINDOWS\SYSTEM32\msvcrt.dll
Image Base: 0x75fc0000  Image Size: 0x000be000
File Size:  773168      File Time:  2015-10-30_101832
Version:
   Company:    Microsoft Corporation
   Product:    Microsoft® Windows® Operating System
   FileDesc:   Windows NT CRT DLL
   FileVer:    7.0.10586.0
   ProdVer:    10.0.10586.0

Module 68
C:\WINDOWS\SYSTEM32\bcryptPrimitives.dll
Image Base: 0x76180000  Image Size: 0x00058000
File Size:  360480      File Time:  2016-09-07_081936
Version:
   Company:    Microsoft Corporation
   Product:    Microsoft® Windows® Operating System
   FileDesc:   Windows Cryptographic Primitives Library
   FileVer:    10.0.10586.589
   ProdVer:    10.0.10586.589

Module 69
C:\WINDOWS\SYSTEM32\RPCRT4.dll
Image Base: 0x761e0000  Image Size: 0x000ad000
File Size:  707608      File Time:  2016-04-23_082614
Version:
   Company:    Microsoft Corporation
   Product:    Îïåðàöèîííàÿ ñèñòåìà Microsoft® Windows®
   FileDesc:   Áèáëèîòåêà óäàëåííîãî âûçîâà ïðîöåäóð
   FileVer:    10.0.10586.306
   ProdVer:    10.0.10586.306

Module 70
C:\WINDOWS\SYSTEM32\IMM32.dll
Image Base: 0x76290000  Image Size: 0x0002b000
File Size:  169928      File Time:  2015-10-30_101830
Version:
   Company:    Microsoft Corporation
   Product:    Microsoft® Windows® Operating System
   FileDesc:   Multi-User Windows IMM32 API Client DLL
   FileVer:    10.0.10586.0
   ProdVer:    10.0.10586.0

Module 71
C:\WINDOWS\SYSTEM32\KERNEL32.DLL
Image Base: 0x762c0000  Image Size: 0x000e0000
File Size:  620176      File Time:  2016-09-07_083948
Version:
   Company:    Microsoft Corporation
   Product:    Îïåðàöèîííàÿ ñèñòåìà Microsoft® Windows®
   FileDesc:   Áèáëèîòåêà êëèåíòà Windows NT BASE API
   FileVer:    10.0.10586.589
   ProdVer:    10.0.10586.589

Module 72
C:\WINDOWS\SYSTEM32\NSI.dll
Image Base: 0x763c0000  Image Size: 0x00007000
File Size:  20152       File Time:  2015-10-30_101804
Version:
   Company:    Microsoft Corporation
   Product:    Microsoft® Windows® Operating System
   FileDesc:   NSI User-mode interface DLL
   FileVer:    10.0.10586.0
   ProdVer:    10.0.10586.0

Module 73
C:\WINDOWS\SYSTEM32\WS2_32.dll
Image Base: 0x763d0000  Image Size: 0x0005f000
File Size:  388384      File Time:  2016-05-28_082330
Version:
   Company:    Microsoft Corporation
   Product:    Îïåðàöèîííàÿ ñèñòåìà Microsoft® Windows®
   FileDesc:   32-ðàçðÿäíàÿ áèáëèîòåêà Windows Socket 2.0
   FileVer:    10.0.10586.420
   ProdVer:    10.0.10586.420

Module 74
C:\WINDOWS\SYSTEM32\sechost.dll
Image Base: 0x76430000  Image Size: 0x00044000
File Size:  269616      File Time:  2015-10-30_101832
Version:
   Company:    Microsoft Corporation
   Product:    Microsoft® Windows® Operating System
   FileDesc:   Host for SCM/SDDL/LSA Lookup APIs
   FileVer:    10.0.10586.0
   ProdVer:    10.0.10586.0

Module 75
C:\WINDOWS\SYSTEM32\WINTRUST.dll
Image Base: 0x76480000  Image Size: 0x00042000
File Size:  268040      File Time:  2015-10-30_101828
Version:
   Company:    Microsoft Corporation
   Product:    Microsoft® Windows® Operating System
   FileDesc:   Microsoft Trust Verification APIs
   FileVer:    10.0.10586.0
   ProdVer:    10.0.10586.0

Module 76
C:\WINDOWS\SYSTEM32\kernel.appcore.dll
Image Base: 0x764d0000  Image Size: 0x0000c000
File Size:  39792       File Time:  2015-10-30_101824
Version:
   Company:    Microsoft Corporation
   Product:    Microsoft® Windows® Operating System
   FileDesc:   AppModel API Host
   FileVer:    10.0.10586.0
   ProdVer:    10.0.10586.0

Module 77
C:\WINDOWS\SYSTEM32\profapi.dll
Image Base: 0x76500000  Image Size: 0x0000f000
File Size:  54752       File Time:  2015-10-30_101832
Version:
   Company:    Microsoft Corporation
   Product:    Microsoft® Windows® Operating System
   FileDesc:   User Profile Basic API
   FileVer:    10.0.10586.0
   ProdVer:    10.0.10586.0

Module 78
C:\WINDOWS\SYSTEM32\MSCTF.dll
Image Base: 0x76510000  Image Size: 0x0011f000
File Size:  1174008     File Time:  2016-09-07_081206
Version:
   Company:    Microsoft Corporation
   Product:    Îïåðàöèîííàÿ ñèñòåìà Microsoft® Windows®
   FileDesc:   Ñåðâåðíàÿ áèáëèîòåêà MSCTF
   FileVer:    10.0.10586.589
   ProdVer:    10.0.10586.589

Module 79
C:\WINDOWS\SYSTEM32\SETUPAPI.dll
Image Base: 0x76630000  Image Size: 0x0040b000
File Size:  4268880     File Time:  2016-05-28_082544
Version:
   Company:    Microsoft Corporation
   Product:    Îïåðàöèîííàÿ ñèñòåìà Microsoft® Windows®
   FileDesc:   Windows Setup API
   FileVer:    10.0.10586.420
   ProdVer:    10.0.10586.420

Module 80
C:\WINDOWS\SYSTEM32\powrprof.dll
Image Base: 0x76a40000  Image Size: 0x00044000
File Size:  270672      File Time:  2015-10-30_101826
Version:
   Company:    Microsoft Corporation
   Product:    Îïåðàöèîííàÿ ñèñòåìà Microsoft® Windows®
   FileDesc:   DLL ìîäóëÿ ïîääåðæêè ïðîôèëÿ óïðàâëåíèÿ ïèòàíèåì
   FileVer:    10.0.10586.0
   ProdVer:    10.0.10586.0

Module 81
C:\WINDOWS\SYSTEM32\USER32.dll
Image Base: 0x76a90000  Image Size: 0x00147000
File Size:  1337240     File Time:  2016-04-23_080036
Version:
   Company:    Microsoft Corporation
   Product:    Îïåðàöèîííàÿ ñèñòåìà Microsoft® Windows®
   FileDesc:   Ìíîãîïîëüçîâàòåëüñêàÿ áèáëèîòåêà êëèåíòà USER API Windows
   FileVer:    10.0.10586.306
   ProdVer:    10.0.10586.306

Module 82
C:\WINDOWS\SYSTEM32\cfgmgr32.dll
Image Base: 0x76bf0000  Image Size: 0x00037000
File Size:  217976      File Time:  2015-10-30_101824
Version:
   Company:    Microsoft Corporation
   Product:    Microsoft® Windows® Operating System
   FileDesc:   Configuration Manager DLL
   FileVer:    10.0.10586.0
   ProdVer:    10.0.10586.0

Module 83
C:\WINDOWS\SYSTEM32\clbcatq.dll
Image Base: 0x76c30000  Image Size: 0x00084000
File Size:  526304      File Time:  2015-10-30_101826
Version:
   Company:    Microsoft Corporation
   Product:    Microsoft® Windows® Operating System
   FileDesc:   COM+ Configuration Catalog
   FileVer:    2001.12.10941.16384
   ProdVer:    10.0.10586.0

Module 84
C:\WINDOWS\SYSTEM32\ole32.dll
Image Base: 0x76cc0000  Image Size: 0x000eb000
File Size:  957608      File Time:  2016-09-07_082238
Version:
   Company:    Microsoft Corporation
   Product:    Îïåðàöèîííàÿ ñèñòåìà Microsoft® Windows®
   FileDesc:   Microsoft OLE äëÿ Windows
   FileVer:    10.0.10586.589
   ProdVer:    10.0.10586.589

Module 85
C:\WINDOWS\SYSTEM32\OLEAUT32.dll
Image Base: 0x76db0000  Image Size: 0x00095000
File Size:  601744      File Time:  2016-09-07_083950
Version:
   Company:    Microsoft Corporation
   Product:    
   FileDesc:   
   FileVer:    10.0.10586.589
   ProdVer:    10.0.10586.589

Module 86
C:\WINDOWS\SYSTEM32\ntdll.dll
Image Base: 0x76f50000  Image Size: 0x0017b000
File Size:  1542816     File Time:  2016-04-23_082844
Version:
   Company:    Microsoft Corporation
   Product:    Îïåðàöèîííàÿ ñèñòåìà Microsoft® Windows®
   FileDesc:   Ñèñòåìíàÿ áèáëèîòåêà NT
   FileVer:    10.0.10586.306
   ProdVer:    10.0.10586.306


== [end of error.log] ==
